<?xml version="1.0" encoding="UTF-8"?>
<!-- Generated by org.testng.reporters.JUnitReportReporter -->
<testsuite hostname="shaily" failures="0" tests="1" name="com.base.Base" time="3.909" errors="0" timestamp="2022-11-29T10:22:37 EST" skipped="0">
  <testcase classname="com.base.Base" name="getDriver" time="3.909"/>
  <system-out/>
</testsuite> <!-- com.base.Base -->
