<?xml version="1.0" encoding="UTF-8"?>
<!-- Generated by org.testng.reporters.JUnitReportReporter -->
<testsuite hostname="shaily" failures="0" tests="2" name="com.base.Setup_StartStopDockerGrid" time="21.667" errors="0" timestamp="2022-11-29T17:57:38 EST" skipped="0">
  <testcase classname="com.base.Setup_StartStopDockerGrid" name="start_DockerGrid" time="15.040"/>
  <system-out/>
  <testcase classname="com.base.Setup_StartStopDockerGrid" name="getDriver" time="6.627"/>
  <system-out/>
</testsuite> <!-- com.base.Setup_StartStopDockerGrid -->
